This is pdfTeX, Version 3.14159265-2.6-1.40.21 (TeX Live 2020) (preloaded format=pdflatex 2020.4.18)  24 APR 2020 23:03
entering extended mode
 restricted \write18 enabled.
 file:line:error style messages enabled.
 %&-line parsing enabled.
**"/Users/prajwal/Workspace/Masters/Semester 2/ML/ml-capstone-project/notes/Report.tex"
(/Users/prajwal/Workspace/Masters/Semester 2/ML/ml-capstone-project/notes/Report.tex
LaTeX2e <2020-02-02> patch level 5
L3 programming layer <2020-03-06> (/usr/local/texlive/2020basic/texmf-dist/tex/latex/base/article.cls
Document Class: article 2019/12/20 v1.4l Standard LaTeX document class
(/usr/local/texlive/2020basic/texmf-dist/tex/latex/base/size10.clo
File: size10.clo 2019/12/20 v1.4l Standard LaTeX file (size option)
)
\c@part=\count167
\c@section=\count168
\c@subsection=\count169
\c@subsubsection=\count170
\c@paragraph=\count171
\c@subparagraph=\count172
\c@figure=\count173
\c@table=\count174
\abovecaptionskip=\skip47
\belowcaptionskip=\skip48
\bibindent=\dimen134
) (/Users/prajwal/Workspace/Masters/Semester 2/ML/ml-capstone-project/notes/neurips_2020.sty
Package: neurips_2020 2020/01/31 NeurIPS 2020 submission/camera-ready style file


! LaTeX Error: File `environ.sty' not found.

Type X to quit or <RETURN> to proceed,
or enter new name. (Default extension: sty)

Enter file name: 
/Users/prajwal/Workspace/Masters/Semester 2/ML/ml-capstone-project/notes/neurips_2020.sty:62: Emergency stop.
<read *> 
         
l.62 \newcommand
                {\acksection}{\section*{Acknowledgments and Disclosure of Fu...
*** (cannot \read from terminal in nonstop modes)

 
Here is how much of TeX's memory you used:
 242 strings out of 482056
 3292 string characters out of 5937675
 235851 words of memory out of 5000000
 16011 multiletter control sequences out of 15000+600000
 532338 words of font info for 24 fonts, out of 8000000 for 9000
 319 hyphenation exceptions out of 8191
 25i,0n,21p,200b,36s stack positions out of 5000i,500n,10000p,200000b,80000s
/Users/prajwal/Workspace/Masters/Semester 2/ML/ml-capstone-project/notes/neurips_2020.sty:62:  ==> Fatal error occurred, no output PDF file produced!
